<?xml version="1.0" encoding="UTF-8"?>
<!-- Generated by org.testng.reporters.JUnitXMLReporter -->
<testsuite ignored="0" hostname="Chandu" failures="2" tests="4" name="TestCycle-1" time="10.751" errors="0" timestamp="2024-03-11T16:21:42 IST">
  <testcase classname="tests.LoginTest" name="testLogin" time="0.64">
    <failure type="java.lang.AssertionError" message="expected [Demo Web Shop] but found [Demo Web Shop. Login]">
      <![CDATA[java.lang.AssertionError: expected [Demo Web Shop] but found [Demo Web Shop. Login]
at tests.LoginTest.testLogin(LoginTest.java:42)
at java.base/java.util.ArrayList.forEach(ArrayList.java:1511)
... Removed 37 stack frames]]>
    </failure>
  </testcase> <!-- testLogin -->
  <testcase classname="tests.LoginTest" name="testLogin" time="2.25"/>
  <testcase classname="tests.LoginTest" name="testLogin" time="0.582">
    <failure type="java.lang.AssertionError" message="expected [Demo Web Shop] but found [Demo Web Shop. Login]">
      <![CDATA[java.lang.AssertionError: expected [Demo Web Shop] but found [Demo Web Shop. Login]
at tests.LoginTest.testLogin(LoginTest.java:42)
at java.base/java.util.ArrayList.forEach(ArrayList.java:1511)
... Removed 37 stack frames]]>
    </failure>
  </testcase> <!-- testLogin -->
  <testcase classname="tests.LoginTest" name="testLogin" time="2.016"/>
</testsuite> <!-- TestCycle-1 -->
